{"D:\\CICDProjects\\Web-Form-CI-CD-project\\server\\controllers\\userController.js": {"path":"D:\\CICDProjects\\Web-Form-CI-CD-project\\server\\controllers\\userController.js","statementMap":{"0":{"start":{"line":1,"column":13},"end":{"line":1,"column":38}},"1":{"start":{"line":2,"column":29},"end":{"line":2,"column":60}},"2":{"start":{"line":8,"column":2},"end":{"line":23,"column":3}},"3":{"start":{"line":9,"column":18},"end":{"line":9,"column":36}},"4":{"start":{"line":10,"column":4},"end":{"line":15,"column":7}},"5":{"start":{"line":17,"column":4},"end":{"line":17,"column":50}},"6":{"start":{"line":18,"column":4},"end":{"line":22,"column":7}},"7":{"start":{"line":30,"column":2},"end":{"line":69,"column":3}},"8":{"start":{"line":31,"column":21},"end":{"line":41,"column":5}},"9":{"start":{"line":44,"column":23},"end":{"line":44,"column":49}},"10":{"start":{"line":46,"column":4},"end":{"line":52,"column":5}},"11":{"start":{"line":47,"column":6},"end":{"line":51,"column":9}},"12":{"start":{"line":55,"column":20},"end":{"line":55,"column":42}},"13":{"start":{"line":57,"column":4},"end":{"line":61,"column":7}},"14":{"start":{"line":63,"column":4},"end":{"line":63,"column":49}},"15":{"start":{"line":64,"column":4},"end":{"line":68,"column":7}},"16":{"start":{"line":72,"column":0},"end":{"line":75,"column":2}}},"fnMap":{"0":{"name":"getAllUsers","decl":{"start":{"line":7,"column":15},"end":{"line":7,"column":26}},"loc":{"start":{"line":7,"column":37},"end":{"line":24,"column":1}},"line":7},"1":{"name":"createUser","decl":{"start":{"line":29,"column":15},"end":{"line":29,"column":25}},"loc":{"start":{"line":29,"column":36},"end":{"line":70,"column":1}},"line":29}},"branchMap":{"0":{"loc":{"start":{"line":40,"column":13},"end":{"line":40,"column":41}},"type":"binary-expr","locations":[{"start":{"line":40,"column":13},"end":{"line":40,"column":35}},{"start":{"line":40,"column":39},"end":{"line":40,"column":41}}],"line":40},"1":{"loc":{"start":{"line":46,"column":4},"end":{"line":52,"column":5}},"type":"if","locations":[{"start":{"line":46,"column":4},"end":{"line":52,"column":5}},{"start":{},"end":{}}],"line":46}},"s":{"0":1,"1":1,"2":4,"3":4,"4":4,"5":0,"6":0,"7":17,"8":17,"9":17,"10":17,"11":9,"12":8,"13":8,"14":0,"15":0,"16":1},"f":{"0":4,"1":17},"b":{"0":[17,6],"1":[9,8]},"_coverageSchema":"1a1c01bbd47fc00a2c39e90264f33305004495a9","hash":"4b40002084de2882c63a2aeab7f12f64f8b93340"}
,"D:\\CICDProjects\\Web-Form-CI-CD-project\\server\\models\\User.js": {"path":"D:\\CICDProjects\\Web-Form-CI-CD-project\\server\\models\\User.js","statementMap":{"0":{"start":{"line":1,"column":11},"end":{"line":1,"column":24}},"1":{"start":{"line":2,"column":13},"end":{"line":2,"column":28}},"2":{"start":{"line":4,"column":18},"end":{"line":4,"column":60}},"3":{"start":{"line":10,"column":2},"end":{"line":12,"column":3}},"4":{"start":{"line":11,"column":4},"end":{"line":11,"column":61}},"5":{"start":{"line":19,"column":2},"end":{"line":26,"column":3}},"6":{"start":{"line":20,"column":4},"end":{"line":20,"column":25}},"7":{"start":{"line":21,"column":17},"end":{"line":21,"column":52}},"8":{"start":{"line":22,"column":4},"end":{"line":22,"column":28}},"9":{"start":{"line":24,"column":4},"end":{"line":24,"column":49}},"10":{"start":{"line":25,"column":4},"end":{"line":25,"column":14}},"11":{"start":{"line":33,"column":2},"end":{"line":51,"column":3}},"12":{"start":{"line":34,"column":4},"end":{"line":34,"column":25}},"13":{"start":{"line":35,"column":18},"end":{"line":35,"column":31}},"14":{"start":{"line":38,"column":20},"end":{"line":42,"column":5}},"15":{"start":{"line":44,"column":4},"end":{"line":44,"column":24}},"16":{"start":{"line":45,"column":4},"end":{"line":45,"column":64}},"17":{"start":{"line":47,"column":4},"end":{"line":47,"column":19}},"18":{"start":{"line":49,"column":4},"end":{"line":49,"column":47}},"19":{"start":{"line":50,"column":4},"end":{"line":50,"column":16}},"20":{"start":{"line":54,"column":0},"end":{"line":58,"column":2}}},"fnMap":{"0":{"name":"initializeDataFile","decl":{"start":{"line":9,"column":9},"end":{"line":9,"column":27}},"loc":{"start":{"line":9,"column":30},"end":{"line":13,"column":1}},"line":9},"1":{"name":"getAllUsers","decl":{"start":{"line":18,"column":9},"end":{"line":18,"column":20}},"loc":{"start":{"line":18,"column":23},"end":{"line":27,"column":1}},"line":18},"2":{"name":"addUser","decl":{"start":{"line":32,"column":9},"end":{"line":32,"column":16}},"loc":{"start":{"line":32,"column":27},"end":{"line":52,"column":1}},"line":32}},"branchMap":{"0":{"loc":{"start":{"line":10,"column":2},"end":{"line":12,"column":3}},"type":"if","locations":[{"start":{"line":10,"column":2},"end":{"line":12,"column":3}},{"start":{},"end":{}}],"line":10}},"s":{"0":2,"1":2,"2":2,"3":65,"4":0,"5":40,"6":40,"7":40,"8":40,"9":0,"10":0,"11":24,"12":24,"13":24,"14":24,"15":24,"16":24,"17":24,"18":0,"19":0,"20":2},"f":{"0":65,"1":40,"2":24},"b":{"0":[0,65]},"_coverageSchema":"1a1c01bbd47fc00a2c39e90264f33305004495a9","hash":"12bde4e0041ba30a8efe5aa425564c776c61a2f2"}
,"D:\\CICDProjects\\Web-Form-CI-CD-project\\server\\models\\validation.js": {"path":"D:\\CICDProjects\\Web-Form-CI-CD-project\\server\\models\\validation.js","statementMap":{"0":{"start":{"line":6,"column":21},"end":{"line":6,"column":49}},"1":{"start":{"line":7,"column":2},"end":{"line":7,"column":32}},"2":{"start":{"line":12,"column":21},"end":{"line":12,"column":44}},"3":{"start":{"line":13,"column":2},"end":{"line":13,"column":39}},"4":{"start":{"line":18,"column":19},"end":{"line":18,"column":42}},"5":{"start":{"line":19,"column":2},"end":{"line":19,"column":39}},"6":{"start":{"line":23,"column":17},"end":{"line":23,"column":19}},"7":{"start":{"line":26,"column":2},"end":{"line":28,"column":3}},"8":{"start":{"line":27,"column":4},"end":{"line":27,"column":41}},"9":{"start":{"line":30,"column":2},"end":{"line":34,"column":3}},"10":{"start":{"line":31,"column":4},"end":{"line":31,"column":37}},"11":{"start":{"line":32,"column":9},"end":{"line":34,"column":3}},"12":{"start":{"line":33,"column":4},"end":{"line":33,"column":43}},"13":{"start":{"line":36,"column":2},"end":{"line":40,"column":3}},"14":{"start":{"line":37,"column":4},"end":{"line":37,"column":44}},"15":{"start":{"line":38,"column":9},"end":{"line":40,"column":3}},"16":{"start":{"line":39,"column":4},"end":{"line":39,"column":59}},"17":{"start":{"line":42,"column":2},"end":{"line":44,"column":3}},"18":{"start":{"line":43,"column":4},"end":{"line":43,"column":39}},"19":{"start":{"line":46,"column":2},"end":{"line":48,"column":3}},"20":{"start":{"line":47,"column":4},"end":{"line":47,"column":36}},"21":{"start":{"line":50,"column":2},"end":{"line":52,"column":3}},"22":{"start":{"line":51,"column":4},"end":{"line":51,"column":37}},"23":{"start":{"line":54,"column":2},"end":{"line":56,"column":3}},"24":{"start":{"line":55,"column":4},"end":{"line":55,"column":39}},"25":{"start":{"line":58,"column":2},"end":{"line":62,"column":3}},"26":{"start":{"line":59,"column":4},"end":{"line":59,"column":40}},"27":{"start":{"line":60,"column":9},"end":{"line":62,"column":3}},"28":{"start":{"line":61,"column":4},"end":{"line":61,"column":46}},"29":{"start":{"line":64,"column":2},"end":{"line":67,"column":4}},"30":{"start":{"line":70,"column":0},"end":{"line":75,"column":2}}},"fnMap":{"0":{"name":"isValidEmail","decl":{"start":{"line":5,"column":9},"end":{"line":5,"column":21}},"loc":{"start":{"line":5,"column":29},"end":{"line":8,"column":1}},"line":5},"1":{"name":"isValidPhone","decl":{"start":{"line":10,"column":9},"end":{"line":10,"column":21}},"loc":{"start":{"line":10,"column":29},"end":{"line":14,"column":1}},"line":10},"2":{"name":"isValidZipCode","decl":{"start":{"line":16,"column":9},"end":{"line":16,"column":23}},"loc":{"start":{"line":16,"column":33},"end":{"line":20,"column":1}},"line":16},"3":{"name":"validateUserData","decl":{"start":{"line":22,"column":9},"end":{"line":22,"column":25}},"loc":{"start":{"line":22,"column":32},"end":{"line":68,"column":1}},"line":22}},"branchMap":{"0":{"loc":{"start":{"line":26,"column":2},"end":{"line":28,"column":3}},"type":"if","locations":[{"start":{"line":26,"column":2},"end":{"line":28,"column":3}},{"start":{},"end":{}}],"line":26},"1":{"loc":{"start":{"line":26,"column":6},"end":{"line":26,"column":45}},"type":"binary-expr","locations":[{"start":{"line":26,"column":6},"end":{"line":26,"column":20}},{"start":{"line":26,"column":24},"end":{"line":26,"column":45}}],"line":26},"2":{"loc":{"start":{"line":30,"column":2},"end":{"line":34,"column":3}},"type":"if","locations":[{"start":{"line":30,"column":2},"end":{"line":34,"column":3}},{"start":{"line":32,"column":9},"end":{"line":34,"column":3}}],"line":30},"3":{"loc":{"start":{"line":30,"column":6},"end":{"line":30,"column":39}},"type":"binary-expr","locations":[{"start":{"line":30,"column":6},"end":{"line":30,"column":17}},{"start":{"line":30,"column":21},"end":{"line":30,"column":39}}],"line":30},"4":{"loc":{"start":{"line":32,"column":9},"end":{"line":34,"column":3}},"type":"if","locations":[{"start":{"line":32,"column":9},"end":{"line":34,"column":3}},{"start":{},"end":{}}],"line":32},"5":{"loc":{"start":{"line":36,"column":2},"end":{"line":40,"column":3}},"type":"if","locations":[{"start":{"line":36,"column":2},"end":{"line":40,"column":3}},{"start":{"line":38,"column":9},"end":{"line":40,"column":3}}],"line":36},"6":{"loc":{"start":{"line":36,"column":6},"end":{"line":36,"column":39}},"type":"binary-expr","locations":[{"start":{"line":36,"column":6},"end":{"line":36,"column":17}},{"start":{"line":36,"column":21},"end":{"line":36,"column":39}}],"line":36},"7":{"loc":{"start":{"line":38,"column":9},"end":{"line":40,"column":3}},"type":"if","locations":[{"start":{"line":38,"column":9},"end":{"line":40,"column":3}},{"start":{},"end":{}}],"line":38},"8":{"loc":{"start":{"line":42,"column":2},"end":{"line":44,"column":3}},"type":"if","locations":[{"start":{"line":42,"column":2},"end":{"line":44,"column":3}},{"start":{},"end":{}}],"line":42},"9":{"loc":{"start":{"line":42,"column":6},"end":{"line":42,"column":43}},"type":"binary-expr","locations":[{"start":{"line":42,"column":6},"end":{"line":42,"column":19}},{"start":{"line":42,"column":23},"end":{"line":42,"column":43}}],"line":42},"10":{"loc":{"start":{"line":46,"column":2},"end":{"line":48,"column":3}},"type":"if","locations":[{"start":{"line":46,"column":2},"end":{"line":48,"column":3}},{"start":{},"end":{}}],"line":46},"11":{"loc":{"start":{"line":46,"column":6},"end":{"line":46,"column":37}},"type":"binary-expr","locations":[{"start":{"line":46,"column":6},"end":{"line":46,"column":16}},{"start":{"line":46,"column":20},"end":{"line":46,"column":37}}],"line":46},"12":{"loc":{"start":{"line":50,"column":2},"end":{"line":52,"column":3}},"type":"if","locations":[{"start":{"line":50,"column":2},"end":{"line":52,"column":3}},{"start":{},"end":{}}],"line":50},"13":{"loc":{"start":{"line":50,"column":6},"end":{"line":50,"column":39}},"type":"binary-expr","locations":[{"start":{"line":50,"column":6},"end":{"line":50,"column":17}},{"start":{"line":50,"column":21},"end":{"line":50,"column":39}}],"line":50},"14":{"loc":{"start":{"line":54,"column":2},"end":{"line":56,"column":3}},"type":"if","locations":[{"start":{"line":54,"column":2},"end":{"line":56,"column":3}},{"start":{},"end":{}}],"line":54},"15":{"loc":{"start":{"line":54,"column":6},"end":{"line":54,"column":43}},"type":"binary-expr","locations":[{"start":{"line":54,"column":6},"end":{"line":54,"column":19}},{"start":{"line":54,"column":23},"end":{"line":54,"column":43}}],"line":54},"16":{"loc":{"start":{"line":58,"column":2},"end":{"line":62,"column":3}},"type":"if","locations":[{"start":{"line":58,"column":2},"end":{"line":62,"column":3}},{"start":{"line":60,"column":9},"end":{"line":62,"column":3}}],"line":58},"17":{"loc":{"start":{"line":58,"column":6},"end":{"line":58,"column":43}},"type":"binary-expr","locations":[{"start":{"line":58,"column":6},"end":{"line":58,"column":19}},{"start":{"line":58,"column":23},"end":{"line":58,"column":43}}],"line":58},"18":{"loc":{"start":{"line":60,"column":9},"end":{"line":62,"column":3}},"type":"if","locations":[{"start":{"line":60,"column":9},"end":{"line":62,"column":3}},{"start":{},"end":{}}],"line":60}},"s":{"0":38,"1":38,"2":39,"3":39,"4":38,"5":38,"6":33,"7":33,"8":9,"9":33,"10":3,"11":30,"12":5,"13":33,"14":3,"15":30,"16":5,"17":33,"18":5,"19":33,"20":3,"21":33,"22":3,"23":33,"24":3,"25":33,"26":3,"27":30,"28":4,"29":33,"30":2},"f":{"0":38,"1":39,"2":38,"3":33},"b":{"0":[9,24],"1":[33,25],"2":[3,30],"3":[33,30],"4":[5,25],"5":[3,30],"6":[33,30],"7":[5,25],"8":[5,28],"9":[33,28],"10":[3,30],"11":[33,30],"12":[3,30],"13":[33,30],"14":[3,30],"15":[33,30],"16":[3,30],"17":[33,30],"18":[4,26]},"_coverageSchema":"1a1c01bbd47fc00a2c39e90264f33305004495a9","hash":"ec83e5d47fd8951656d2d10e28c4204af16b1f4a"}
,"D:\\CICDProjects\\Web-Form-CI-CD-project\\server\\routes\\userRoutes.js": {"path":"D:\\CICDProjects\\Web-Form-CI-CD-project\\server\\routes\\userRoutes.js","statementMap":{"0":{"start":{"line":1,"column":16},"end":{"line":1,"column":34}},"1":{"start":{"line":2,"column":23},"end":{"line":2,"column":63}},"2":{"start":{"line":4,"column":15},"end":{"line":4,"column":31}},"3":{"start":{"line":11,"column":0},"end":{"line":11,"column":44}},"4":{"start":{"line":14,"column":0},"end":{"line":14,"column":44}},"5":{"start":{"line":16,"column":0},"end":{"line":16,"column":24}}},"fnMap":{},"branchMap":{},"s":{"0":1,"1":1,"2":1,"3":1,"4":1,"5":1},"f":{},"b":{},"_coverageSchema":"1a1c01bbd47fc00a2c39e90264f33305004495a9","hash":"fe8e84ac602f94345f108e04a3cb1df655309c9b"}
}
