TN:
SF:server\controllers\userController.js
FN:7,getAllUsers
FN:29,createUser
FNF:2
FNH:2
FNDA:4,getAllUsers
FNDA:17,createUser
DA:1,1
DA:2,1
DA:8,4
DA:9,4
DA:10,4
DA:17,0
DA:18,0
DA:30,17
DA:31,17
DA:44,17
DA:46,17
DA:47,9
DA:55,8
DA:57,8
DA:63,0
DA:64,0
DA:72,1
LF:17
LH:13
BRDA:40,0,0,17
BRDA:40,0,1,6
BRDA:46,1,0,9
BRDA:46,1,1,8
BRF:4
BRH:4
end_of_record
TN:
SF:server\models\User.js
FN:9,initializeDataFile
FN:18,getAllUsers
FN:32,addUser
FNF:3
FNH:3
FNDA:65,initializeDataFile
FNDA:40,getAllUsers
FNDA:24,addUser
DA:1,2
DA:2,2
DA:4,2
DA:10,65
DA:11,0
DA:19,40
DA:20,40
DA:21,40
DA:22,40
DA:24,0
DA:25,0
DA:33,24
DA:34,24
DA:35,24
DA:38,24
DA:44,24
DA:45,24
DA:47,24
DA:49,0
DA:50,0
DA:54,2
LF:21
LH:16
BRDA:10,0,0,0
BRDA:10,0,1,65
BRF:2
BRH:1
end_of_record
TN:
SF:server\models\validation.js
FN:5,isValidEmail
FN:10,isValidPhone
FN:16,isValidZipCode
FN:22,validateUserData
FNF:4
FNH:4
FNDA:38,isValidEmail
FNDA:39,isValidPhone
FNDA:38,isValidZipCode
FNDA:33,validateUserData
DA:6,38
DA:7,38
DA:12,39
DA:13,39
DA:18,38
DA:19,38
DA:23,33
DA:26,33
DA:27,9
DA:30,33
DA:31,3
DA:32,30
DA:33,5
DA:36,33
DA:37,3
DA:38,30
DA:39,5
DA:42,33
DA:43,5
DA:46,33
DA:47,3
DA:50,33
DA:51,3
DA:54,33
DA:55,3
DA:58,33
DA:59,3
DA:60,30
DA:61,4
DA:64,33
DA:70,2
LF:31
LH:31
BRDA:26,0,0,9
BRDA:26,0,1,24
BRDA:26,1,0,33
BRDA:26,1,1,25
BRDA:30,2,0,3
BRDA:30,2,1,30
BRDA:30,3,0,33
BRDA:30,3,1,30
BRDA:32,4,0,5
BRDA:32,4,1,25
BRDA:36,5,0,3
BRDA:36,5,1,30
BRDA:36,6,0,33
BRDA:36,6,1,30
BRDA:38,7,0,5
BRDA:38,7,1,25
BRDA:42,8,0,5
BRDA:42,8,1,28
BRDA:42,9,0,33
BRDA:42,9,1,28
BRDA:46,10,0,3
BRDA:46,10,1,30
BRDA:46,11,0,33
BRDA:46,11,1,30
BRDA:50,12,0,3
BRDA:50,12,1,30
BRDA:50,13,0,33
BRDA:50,13,1,30
BRDA:54,14,0,3
BRDA:54,14,1,30
BRDA:54,15,0,33
BRDA:54,15,1,30
BRDA:58,16,0,3
BRDA:58,16,1,30
BRDA:58,17,0,33
BRDA:58,17,1,30
BRDA:60,18,0,4
BRDA:60,18,1,26
BRF:38
BRH:38
end_of_record
TN:
SF:server\routes\userRoutes.js
FNF:0
FNH:0
DA:1,1
DA:2,1
DA:4,1
DA:11,1
DA:14,1
DA:16,1
LF:6
LH:6
BRF:0
BRH:0
end_of_record
